[0410/190513.297:ERROR:process_memory_win.cc(73)] ReadMemory at 0x7ff790f70000 of 64 bytes failed: Only part of a ReadProcessMemory or WriteProcessMemory request was completed. (0x12B)
[0410/190513.298:WARNING:pe_image_reader.cc(340)] could not read dos header from C:\Program Files (x86)\Google\Chrome\Application\chrome.exe
[0410/190513.298:ERROR:process_memory_win.cc(73)] ReadMemory at 0x7ffb32c60000 of 64 bytes failed: Only part of a ReadProcessMemory or WriteProcessMemory request was completed. (0x12B)
[0410/190513.298:WARNING:pe_image_reader.cc(340)] could not read dos header from C:\Windows\System32\KERNELBASE.dll
[0410/190513.298:ERROR:process_memory_win.cc(73)] ReadMemory at 0x7ffb1fce0000 of 64 bytes failed: Only part of a ReadProcessMemory or WriteProcessMemory request was completed. (0x12B)
[0410/190513.298:WARNING:pe_image_reader.cc(340)] could not read dos header from C:\Program Files (x86)\Google\Chrome\Application\80.0.3987.149\chrome_elf.dll
[0410/190513.298:ERROR:process_memory_win.cc(73)] ReadMemory at 0x7ffb2cce0000 of 64 bytes failed: Only part of a ReadProcessMemory or WriteProcessMemory request was completed. (0x12B)
[0410/190513.298:WARNING:pe_image_reader.cc(340)] could not read dos header from C:\Windows\SYSTEM32\VERSION.dll
[0410/190513.298:ERROR:process_memory_win.cc(73)] ReadMemory at 0x7ffb35220000 of 64 bytes failed: Only part of a ReadProcessMemory or WriteProcessMemory request was completed. (0x12B)
[0410/190513.298:WARNING:pe_image_reader.cc(340)] could not read dos header from C:\Windows\System32\msvcrt.dll
[0410/190513.298:ERROR:process_memory_win.cc(73)] ReadMemory at 0x7ffb336f0000 of 64 bytes failed: Only part of a ReadProcessMemory or WriteProcessMemory request was completed. (0x12B)
[0410/190513.298:WARNING:pe_image_reader.cc(340)] could not read dos header from C:\Windows\System32\bcryptPrimitives.dll
[0410/190513.298:ERROR:process_memory_win.cc(73)] ReadMemory at 0x7ffb33b70000 of 64 bytes failed: Only part of a ReadProcessMemory or WriteProcessMemory request was completed. (0x12B)
[0410/190513.298:WARNING:pe_image_reader.cc(340)] could not read dos header from C:\Windows\System32\ADVAPI32.dll
[0410/190513.298:ERROR:process_memory_win.cc(73)] ReadMemory at 0x7ffb36460000 of 64 bytes failed: Only part of a ReadProcessMemory or WriteProcessMemory request was completed. (0x12B)
[0410/190513.299:WARNING:pe_image_reader.cc(340)] could not read dos header from C:\Windows\System32\sechost.dll
[0410/190513.299:ERROR:process_memory_win.cc(73)] ReadMemory at 0x7ffb33a40000 of 64 bytes failed: Only part of a ReadProcessMemory or WriteProcessMemory request was completed. (0x12B)
[0410/190513.299:WARNING:pe_image_reader.cc(340)] could not read dos header from C:\Windows\System32\RPCRT4.dll
[0410/190513.299:ERROR:process_memory_win.cc(73)] ReadMemory at 0x7ffadece0000 of 64 bytes failed: Only part of a ReadProcessMemory or WriteProcessMemory request was completed. (0x12B)
[0410/190513.299:WARNING:pe_image_reader.cc(340)] could not read dos header from C:\Program Files (x86)\Google\Chrome\Application\80.0.3987.149\chrome.dll
[0410/190513.299:ERROR:process_memory_win.cc(73)] ReadMemory at 0x7ffb35450000 of 64 bytes failed: Only part of a ReadProcessMemory or WriteProcessMemory request was completed. (0x12B)
[0410/190513.299:WARNING:pe_image_reader.cc(340)] could not read dos header from C:\Windows\System32\WS2_32.dll
[0410/190513.299:ERROR:process_memory_win.cc(73)] ReadMemory at 0x7ffb356d0000 of 64 bytes failed: Only part of a ReadProcessMemory or WriteProcessMemory request was completed. (0x12B)
[0410/190513.299:WARNING:pe_image_reader.cc(340)] could not read dos header from C:\Windows\System32\OLEAUT32.dll
[0410/190513.299:ERROR:process_memory_win.cc(73)] ReadMemory at 0x7ffb33910000 of 64 bytes failed: Only part of a ReadProcessMemory or WriteProcessMemory request was completed. (0x12B)
[0410/190513.299:WARNING:pe_image_reader.cc(340)] could not read dos header from C:\Windows\System32\msvcp_win.dll
[0410/190513.299:ERROR:process_memory_win.cc(73)] ReadMemory at 0x7ffb32b60000 of 64 bytes failed: Only part of a ReadProcessMemory or WriteProcessMemory request was completed. (0x12B)
[0410/190513.299:WARNING:pe_image_reader.cc(340)] could not read dos header from C:\Windows\System32\ucrtbase.dll
[0410/190513.299:ERROR:process_memory_win.cc(73)] ReadMemory at 0x7ffb357a0000 of 64 bytes failed: Only part of a ReadProcessMemory or WriteProcessMemory request was completed. (0x12B)
[0410/190513.299:WARNING:pe_image_reader.cc(340)] could not read dos header from C:\Windows\System32\combase.dll
[0410/190513.299:ERROR:process_memory_win.cc(73)] ReadMemory at 0x7ffb32ae0000 of 64 bytes failed: Only part of a ReadProcessMemory or WriteProcessMemory request was completed. (0x12B)
[0410/190513.299:WARNING:pe_image_reader.cc(340)] could not read dos header from C:\Windows\System32\WINTRUST.dll
[0410/190513.299:ERROR:process_memory_win.cc(73)] ReadMemory at 0x7ffb32830000 of 64 bytes failed: Only part of a ReadProcessMemory or WriteProcessMemory request was completed. (0x12B)
[0410/190513.299:WARNING:pe_image_reader.cc(340)] could not read dos header from C:\Windows\System32\MSASN1.dll
[0410/190513.299:ERROR:process_memory_win.cc(73)] ReadMemory at 0x7ffb328f0000 of 64 bytes failed: Only part of a ReadProcessMemory or WriteProcessMemory request was completed. (0x12B)
[0410/190513.299:WARNING:pe_image_reader.cc(340)] could not read dos header from C:\Windows\System32\CRYPT32.dll
[0410/190513.299:ERROR:process_memory_win.cc(73)] ReadMemory at 0x7ffb31da0000 of 64 bytes failed: Only part of a ReadProcessMemory or WriteProcessMemory request was completed. (0x12B)
[0410/190513.299:WARNING:pe_image_reader.cc(340)] could not read dos header from C:\Windows\SYSTEM32\IPHLPAPI.DLL
[0410/190513.299:ERROR:process_memory_win.cc(73)] ReadMemory at 0x7ffb2fe60000 of 64 bytes failed: Only part of a ReadProcessMemory or WriteProcessMemory request was completed. (0x12B)
[0410/190513.299:WARNING:pe_image_reader.cc(340)] could not read dos header from C:\Windows\SYSTEM32\WINMM.dll
[0410/190513.299:ERROR:process_memory_win.cc(73)] ReadMemory at 0x7ffb21e10000 of 64 bytes failed: Only part of a ReadProcessMemory or WriteProcessMemory request was completed. (0x12B)
[0410/190513.300:WARNING:pe_image_reader.cc(340)] could not read dos header from C:\Windows\SYSTEM32\Secur32.dll
[0410/190513.300:ERROR:process_memory_win.cc(73)] ReadMemory at 0x7ffb32730000 of 64 bytes failed: Only part of a ReadProcessMemory or WriteProcessMemory request was completed. (0x12B)
[0410/190513.300:WARNING:pe_image_reader.cc(340)] could not read dos header from C:\Windows\SYSTEM32\USERENV.dll
[0410/190513.300:ERROR:process_memory_win.cc(73)] ReadMemory at 0x7ffb328a0000 of 64 bytes failed: Only part of a ReadProcessMemory or WriteProcessMemory request was completed. (0x12B)
[0410/190513.300:WARNING:pe_image_reader.cc(340)] could not read dos header from C:\Windows\System32\profapi.dll
[0410/190513.300:ERROR:process_memory_win.cc(73)] ReadMemory at 0x7ffb0d7c0000 of 64 bytes failed: Only part of a ReadProcessMemory or WriteProcessMemory request was completed. (0x12B)
[0410/190513.300:WARNING:pe_image_reader.cc(340)] could not read dos header from C:\Windows\SYSTEM32\UIAutomationCore.DLL
[0410/190513.300:ERROR:process_memory_win.cc(73)] ReadMemory at 0x7ffb14490000 of 64 bytes failed: Only part of a ReadProcessMemory or WriteProcessMemory request was completed. (0x12B)
[0410/190513.300:WARNING:pe_image_reader.cc(340)] could not read dos header from C:\Windows\SYSTEM32\DWrite.dll
[0410/190513.300:ERROR:process_memory_win.cc(73)] ReadMemory at 0x7ffb29760000 of 64 bytes failed: Only part of a ReadProcessMemory or WriteProcessMemory request was completed. (0x12B)
[0410/190513.300:WARNING:pe_image_reader.cc(340)] could not read dos header from C:\Windows\SYSTEM32\WINSPOOL.DRV
[0410/190513.300:ERROR:process_memory_win.cc(73)] ReadMemory at 0x7ffb328d0000 of 64 bytes failed: Only part of a ReadProcessMemory or WriteProcessMemory request was completed. (0x12B)
[0410/190513.300:WARNING:pe_image_reader.cc(340)] could not read dos header from C:\Windows\System32\kernel.appcore.dll
[0410/190513.300:ERROR:process_memory_win.cc(73)] ReadMemory at 0x7ffb31250000 of 64 bytes failed: Only part of a ReadProcessMemory or WriteProcessMemory request was completed. (0x12B)
[0410/190513.300:WARNING:pe_image_reader.cc(340)] could not read dos header from C:\Windows\SYSTEM32\dbghelp.dll
[0410/190513.300:ERROR:process_memory_win.cc(73)] ReadMemory at 0x7ffb2d5e0000 of 64 bytes failed: Only part of a ReadProcessMemory or WriteProcessMemory request was completed. (0x12B)
[0410/190513.300:WARNING:pe_image_reader.cc(340)] could not read dos header from C:\Windows\SYSTEM32\WINHTTP.dll
[0410/190513.300:ERROR:process_memory_win.cc(73)] ReadMemory at 0x7ffb298b0000 of 64 bytes failed: Only part of a ReadProcessMemory or WriteProcessMemory request was completed. (0x12B)
[0410/190513.300:WARNING:pe_image_reader.cc(340)] could not read dos header from C:\Windows\SYSTEM32\dhcpcsvc.DLL
[0410/190513.300:ERROR:process_memory_win.cc(73)] ReadMemory at 0x7ffb35210000 of 64 bytes failed: Only part of a ReadProcessMemory or WriteProcessMemory request was completed. (0x12B)
[0410/190513.300:WARNING:pe_image_reader.cc(340)] could not read dos header from C:\Windows\System32\NSI.dll
[0410/190513.300:ERROR:process_memory_win.cc(73)] ReadMemory at 0x7ffb2fe30000 of 64 bytes failed: Only part of a ReadProcessMemory or WriteProcessMemory request was completed. (0x12B)
[0410/190513.300:WARNING:pe_image_reader.cc(340)] could not read dos header from C:\Windows\SYSTEM32\WINMMBASE.dll
[0410/190513.300:ERROR:process_memory_win.cc(73)] ReadMemory at 0x7ffb32f90000 of 64 bytes failed: Only part of a ReadProcessMemory or WriteProcessMemory request was completed. (0x12B)
[0410/190513.300:WARNING:pe_image_reader.cc(340)] could not read dos header from C:\Windows\System32\cfgmgr32.dll
[0410/190513.300:ERROR:process_memory_win.cc(73)] ReadMemory at 0x7ffb30f70000 of 64 bytes failed: Only part of a ReadProcessMemory or WriteProcessMemory request was completed. (0x12B)
[0410/190513.300:WARNING:pe_image_reader.cc(340)] could not read dos header from C:\Windows\SYSTEM32\PROPSYS.dll
[0410/190513.300:ERROR:process_memory_win.cc(73)] ReadMemory at 0x7ffb35620000 of 64 bytes failed: Only part of a ReadProcessMemory or WriteProcessMemory request was completed. (0x12B)
[0410/190513.300:WARNING:pe_image_reader.cc(340)] could not read dos header from C:\Windows\System32\shcore.dll
[0410/190513.300:ERROR:process_memory_win.cc(73)] ReadMemory at 0x7ffb32390000 of 64 bytes failed: Only part of a ReadProcessMemory or WriteProcessMemory request was completed. (0x12B)
[0410/190513.300:WARNING:pe_image_reader.cc(340)] could not read dos header from C:\Windows\SYSTEM32\bcrypt.dll
[0410/190513.300:ERROR:process_memory_win.cc(73)] ReadMemory at 0x7ffb32760000 of 64 bytes failed: Only part of a ReadProcessMemory or WriteProcessMemory request was completed. (0x12B)
[0410/190513.301:WARNING:pe_image_reader.cc(340)] could not read dos header from C:\Windows\SYSTEM32\SSPICLI.DLL
[0410/190513.301:ERROR:process_memory_win.cc(73)] ReadMemory at 0x7ffb364c0000 of 64 bytes failed: Only part of a ReadProcessMemory or WriteProcessMemory request was completed. (0x12B)
[0410/190513.301:WARNING:pe_image_reader.cc(340)] could not read dos header from C:\Windows\System32\GDI32.dll
[0410/190513.301:ERROR:process_memory_win.cc(73)] ReadMemory at 0x7ffb33770000 of 64 bytes failed: Only part of a ReadProcessMemory or WriteProcessMemory request was completed. (0x12B)
[0410/190513.301:WARNING:pe_image_reader.cc(340)] could not read dos header from C:\Windows\System32\gdi32full.dll
[0410/190513.301:ERROR:process_memory_win.cc(73)] ReadMemory at 0x7ffb352c0000 of 64 bytes failed: Only part of a ReadProcessMemory or WriteProcessMemory request was completed. (0x12B)
[0410/190513.301:WARNING:pe_image_reader.cc(340)] could not read dos header from C:\Windows\System32\USER32.dll
[0410/190513.301:ERROR:process_memory_win.cc(73)] ReadMemory at 0x7ffb32b40000 of 64 bytes failed: Only part of a ReadProcessMemory or WriteProcessMemory request was completed. (0x12B)
[0410/190513.301:WARNING:pe_image_reader.cc(340)] could not read dos header from C:\Windows\System32\win32u.dll
[0410/190513.301:ERROR:process_memory_win.cc(73)] ReadMemory at 0x7ffb33a10000 of 64 bytes failed: Only part of a ReadProcessMemory or WriteProcessMemory request was completed. (0x12B)
[0410/190513.301:WARNING:pe_image_reader.cc(340)] could not read dos header from C:\Windows\System32\IMM32.DLL
[0410/190513.301:ERROR:process_memory_win.cc(73)] ReadMemory at 0x7ffb33dc0000 of 64 bytes failed: Only part of a ReadProcessMemory or WriteProcessMemory request was completed. (0x12B)
[0410/190513.301:WARNING:pe_image_reader.cc(340)] could not read dos header from C:\Windows\System32\SHELL32.dll
[0410/190513.301:ERROR:process_memory_win.cc(73)] ReadMemory at 0x7ffb32fe0000 of 64 bytes failed: Only part of a ReadProcessMemory or WriteProcessMemory request was completed. (0x12B)
[0410/190513.301:WARNING:pe_image_reader.cc(340)] could not read dos header from C:\Windows\System32\windows.storage.dll
[0410/190513.301:ERROR:process_memory_win.cc(73)] ReadMemory at 0x7ffb355c0000 of 64 bytes failed: Only part of a ReadProcessMemory or WriteProcessMemory request was completed. (0x12B)
[0410/190513.301:WARNING:pe_image_reader.cc(340)] could not read dos header from C:\Windows\System32\shlwapi.dll
[0410/190513.301:ERROR:process_memory_win.cc(73)] ReadMemory at 0x7ffb32850000 of 64 bytes failed: Only part of a ReadProcessMemory or WriteProcessMemory request was completed. (0x12B)
[0410/190513.301:WARNING:pe_image_reader.cc(340)] could not read dos header from C:\Windows\System32\powrprof.dll
[0410/190513.301:ERROR:process_memory_win.cc(73)] ReadMemory at 0x7ffb328c0000 of 64 bytes failed: Only part of a ReadProcessMemory or WriteProcessMemory request was completed. (0x12B)
[0410/190513.301:WARNING:pe_image_reader.cc(340)] could not read dos header from C:\Windows\System32\FLTLIB.DLL
[0410/190513.301:ERROR:process_memory_win.cc(73)] ReadMemory at 0x7ffb32220000 of 64 bytes failed: Only part of a ReadProcessMemory or WriteProcessMemory request was completed. (0x12B)
[0410/190513.301:WARNING:pe_image_reader.cc(340)] could not read dos header from C:\Windows\SYSTEM32\CRYPTBASE.DLL
[0410/190513.301:ERROR:process_memory_win.cc(73)] ReadMemory at 0x7ffb2e880000 of 64 bytes failed: Only part of a ReadProcessMemory or WriteProcessMemory request was completed. (0x12B)
[0410/190513.301:WARNING:pe_image_reader.cc(340)] could not read dos header from C:\Windows\system32\NLAapi.dll
[0410/190513.301:ERROR:process_memory_win.cc(73)] ReadMemory at 0x7ffb29930000 of 64 bytes failed: Only part of a ReadProcessMemory or WriteProcessMemory request was completed. (0x12B)
[0410/190513.301:WARNING:pe_image_reader.cc(340)] could not read dos header from C:\Windows\SYSTEM32\dhcpcsvc6.DLL
[0410/190513.301:ERROR:process_memory_win.cc(73)] ReadMemory at 0x7ffb2a220000 of 64 bytes failed: Only part of a ReadProcessMemory or WriteProcessMemory request was completed. (0x12B)
[0410/190513.301:WARNING:pe_image_reader.cc(340)] could not read dos header from C:\Windows\SYSTEM32\wlanapi.dll
[0410/190513.301:ERROR:process_memory_win.cc(73)] ReadMemory at 0x7ffb32050000 of 64 bytes failed: Only part of a ReadProcessMemory or WriteProcessMemory request was completed. (0x12B)
[0410/190513.301:WARNING:pe_image_reader.cc(340)] could not read dos header from C:\Windows\system32\mswsock.dll
[0410/190513.301:ERROR:process_memory_win.cc(73)] ReadMemory at 0x7ffb250b0000 of 64 bytes failed: Only part of a ReadProcessMemory or WriteProcessMemory request was completed. (0x12B)
[0410/190513.301:WARNING:pe_image_reader.cc(340)] could not read dos header from C:\Windows\System32\rasadhlp.dll
[0410/190513.302:ERROR:process_memory_win.cc(73)] ReadMemory at 0x7ffb31de0000 of 64 bytes failed: Only part of a ReadProcessMemory or WriteProcessMemory request was completed. (0x12B)
[0410/190513.302:WARNING:pe_image_reader.cc(340)] could not read dos header from C:\Windows\SYSTEM32\DNSAPI.dll
[0410/190513.302:ERROR:process_memory_win.cc(73)] ReadMemory at 0x7ffb26050000 of 64 bytes failed: Only part of a ReadProcessMemory or WriteProcessMemory request was completed. (0x12B)
[0410/190513.302:WARNING:pe_image_reader.cc(340)] could not read dos header from C:\Windows\System32\fwpuclnt.dll
[0410/190513.302:ERROR:process_memory_win.cc(73)] ReadMemory at 0x7ffb32200000 of 64 bytes failed: Only part of a ReadProcessMemory or WriteProcessMemory request was completed. (0x12B)
[0410/190513.302:WARNING:pe_image_reader.cc(340)] could not read dos header from C:\Windows\System32\CRYPTSP.dll
[0410/190513.302:ERROR:process_memory_win.cc(73)] ReadMemory at 0x7ffb31c00000 of 64 bytes failed: Only part of a ReadProcessMemory or WriteProcessMemory request was completed. (0x12B)
[0410/190513.302:WARNING:pe_image_reader.cc(340)] could not read dos header from C:\Windows\system32\rsaenh.dll
[0410/190513.302:ERROR:process_memory_win.cc(73)] ReadMemory at 0x7ffb31520000 of 64 bytes failed: Only part of a ReadProcessMemory or WriteProcessMemory request was completed. (0x12B)
[0410/190513.302:WARNING:pe_image_reader.cc(340)] could not read dos header from C:\Windows\SYSTEM32\gpapi.dll
[0410/190513.302:ERROR:process_memory_win.cc(73)] ReadMemory at 0x7ffb022f0000 of 64 bytes failed: Only part of a ReadProcessMemory or WriteProcessMemory request was completed. (0x12B)
[0410/190513.302:WARNING:pe_image_reader.cc(340)] could not read dos header from C:\Windows\System32\cryptnet.dll
[0410/190513.302:ERROR:process_memory_win.cc(73)] ReadMemory at 0x7ff790f70000 of 64 bytes failed: Only part of a ReadProcessMemory or WriteProcessMemory request was completed. (0x12B)
[0410/190513.302:WARNING:pe_image_reader.cc(340)] could not read dos header from C:\Program Files (x86)\Google\Chrome\Application\chrome.exe
[0410/190513.302:ERROR:process_memory_win.cc(73)] ReadMemory at 0x7ffb36530000 of 64 bytes failed: Only part of a ReadProcessMemory or WriteProcessMemory request was completed. (0x12B)
[0410/190513.302:WARNING:pe_image_reader.cc(340)] could not read dos header from C:\Windows\SYSTEM32\ntdll.dll
[0410/190513.302:ERROR:process_memory_win.cc(73)] ReadMemory at 0x7ffb35ef0000 of 64 bytes failed: Only part of a ReadProcessMemory or WriteProcessMemory request was completed. (0x12B)
[0410/190513.302:WARNING:pe_image_reader.cc(340)] could not read dos header from C:\Windows\System32\KERNEL32.DLL
[0410/190513.302:ERROR:process_memory_win.cc(73)] ReadMemory at 0x7ffb32c60000 of 64 bytes failed: Only part of a ReadProcessMemory or WriteProcessMemory request was completed. (0x12B)
[0410/190513.302:WARNING:pe_image_reader.cc(340)] could not read dos header from C:\Windows\System32\KERNELBASE.dll
[0410/190513.302:ERROR:process_memory_win.cc(73)] ReadMemory at 0x7ffb1fce0000 of 64 bytes failed: Only part of a ReadProcessMemory or WriteProcessMemory request was completed. (0x12B)
[0410/190513.302:WARNING:pe_image_reader.cc(340)] could not read dos header from C:\Program Files (x86)\Google\Chrome\Application\80.0.3987.149\chrome_elf.dll
[0410/190513.302:ERROR:process_memory_win.cc(73)] ReadMemory at 0x7ffb2cce0000 of 64 bytes failed: Only part of a ReadProcessMemory or WriteProcessMemory request was completed. (0x12B)
[0410/190513.302:WARNING:pe_image_reader.cc(340)] could not read dos header from C:\Windows\SYSTEM32\VERSION.dll
[0410/190513.302:ERROR:process_memory_win.cc(73)] ReadMemory at 0x7ffb35220000 of 64 bytes failed: Only part of a ReadProcessMemory or WriteProcessMemory request was completed. (0x12B)
[0410/190513.302:WARNING:pe_image_reader.cc(340)] could not read dos header from C:\Windows\System32\msvcrt.dll
[0410/190513.302:ERROR:process_memory_win.cc(73)] ReadMemory at 0x7ffb336f0000 of 64 bytes failed: Only part of a ReadProcessMemory or WriteProcessMemory request was completed. (0x12B)
[0410/190513.302:WARNING:pe_image_reader.cc(340)] could not read dos header from C:\Windows\System32\bcryptPrimitives.dll
[0410/190513.302:ERROR:process_memory_win.cc(73)] ReadMemory at 0x7ffb33b70000 of 64 bytes failed: Only part of a ReadProcessMemory or WriteProcessMemory request was completed. (0x12B)
[0410/190513.302:WARNING:pe_image_reader.cc(340)] could not read dos header from C:\Windows\System32\ADVAPI32.dll
[0410/190513.302:ERROR:process_memory_win.cc(73)] ReadMemory at 0x7ffb36460000 of 64 bytes failed: Only part of a ReadProcessMemory or WriteProcessMemory request was completed. (0x12B)
[0410/190513.302:WARNING:pe_image_reader.cc(340)] could not read dos header from C:\Windows\System32\sechost.dll
[0410/190513.303:ERROR:process_memory_win.cc(73)] ReadMemory at 0x7ffb33a40000 of 64 bytes failed: Only part of a ReadProcessMemory or WriteProcessMemory request was completed. (0x12B)
[0410/190513.303:WARNING:pe_image_reader.cc(340)] could not read dos header from C:\Windows\System32\RPCRT4.dll
[0410/190513.303:ERROR:process_memory_win.cc(73)] ReadMemory at 0x7ffadece0000 of 64 bytes failed: Only part of a ReadProcessMemory or WriteProcessMemory request was completed. (0x12B)
[0410/190513.303:WARNING:pe_image_reader.cc(340)] could not read dos header from C:\Program Files (x86)\Google\Chrome\Application\80.0.3987.149\chrome.dll
[0410/190513.303:ERROR:process_memory_win.cc(73)] ReadMemory at 0x7ffb35450000 of 64 bytes failed: Only part of a ReadProcessMemory or WriteProcessMemory request was completed. (0x12B)
[0410/190513.303:WARNING:pe_image_reader.cc(340)] could not read dos header from C:\Windows\System32\WS2_32.dll
[0410/190513.303:ERROR:process_memory_win.cc(73)] ReadMemory at 0x7ffb356d0000 of 64 bytes failed: Only part of a ReadProcessMemory or WriteProcessMemory request was completed. (0x12B)
[0410/190513.303:WARNING:pe_image_reader.cc(340)] could not read dos header from C:\Windows\System32\OLEAUT32.dll
[0410/190513.303:ERROR:process_memory_win.cc(73)] ReadMemory at 0x7ffb33910000 of 64 bytes failed: Only part of a ReadProcessMemory or WriteProcessMemory request was completed. (0x12B)
[0410/190513.303:WARNING:pe_image_reader.cc(340)] could not read dos header from C:\Windows\System32\msvcp_win.dll
[0410/190513.303:ERROR:process_memory_win.cc(73)] ReadMemory at 0x7ffb32b60000 of 64 bytes failed: Only part of a ReadProcessMemory or WriteProcessMemory request was completed. (0x12B)
[0410/190513.303:WARNING:pe_image_reader.cc(340)] could not read dos header from C:\Windows\System32\ucrtbase.dll
[0410/190513.303:ERROR:process_memory_win.cc(73)] ReadMemory at 0x7ffb357a0000 of 64 bytes failed: Only part of a ReadProcessMemory or WriteProcessMemory request was completed. (0x12B)
[0410/190513.303:WARNING:pe_image_reader.cc(340)] could not read dos header from C:\Windows\System32\combase.dll
[0410/190513.303:ERROR:process_memory_win.cc(73)] ReadMemory at 0x7ffb32ae0000 of 64 bytes failed: Only part of a ReadProcessMemory or WriteProcessMemory request was completed. (0x12B)
[0410/190513.303:WARNING:pe_image_reader.cc(340)] could not read dos header from C:\Windows\System32\WINTRUST.dll
[0410/190513.303:ERROR:process_memory_win.cc(73)] ReadMemory at 0x7ffb32830000 of 64 bytes failed: Only part of a ReadProcessMemory or WriteProcessMemory request was completed. (0x12B)
[0410/190513.303:WARNING:pe_image_reader.cc(340)] could not read dos header from C:\Windows\System32\MSASN1.dll
[0410/190513.303:ERROR:process_memory_win.cc(73)] ReadMemory at 0x7ffb328f0000 of 64 bytes failed: Only part of a ReadProcessMemory or WriteProcessMemory request was completed. (0x12B)
[0410/190513.303:WARNING:pe_image_reader.cc(340)] could not read dos header from C:\Windows\System32\CRYPT32.dll
[0410/190513.303:ERROR:process_memory_win.cc(73)] ReadMemory at 0x7ffb31da0000 of 64 bytes failed: Only part of a ReadProcessMemory or WriteProcessMemory request was completed. (0x12B)
[0410/190513.303:WARNING:pe_image_reader.cc(340)] could not read dos header from C:\Windows\SYSTEM32\IPHLPAPI.DLL
[0410/190513.303:ERROR:process_memory_win.cc(73)] ReadMemory at 0x7ffb2fe60000 of 64 bytes failed: Only part of a ReadProcessMemory or WriteProcessMemory request was completed. (0x12B)
[0410/190513.303:WARNING:pe_image_reader.cc(340)] could not read dos header from C:\Windows\SYSTEM32\WINMM.dll
[0410/190513.303:ERROR:process_memory_win.cc(73)] ReadMemory at 0x7ffb21e10000 of 64 bytes failed: Only part of a ReadProcessMemory or WriteProcessMemory request was completed. (0x12B)
[0410/190513.303:WARNING:pe_image_reader.cc(340)] could not read dos header from C:\Windows\SYSTEM32\Secur32.dll
[0410/190513.303:ERROR:process_memory_win.cc(73)] ReadMemory at 0x7ffb32730000 of 64 bytes failed: Only part of a ReadProcessMemory or WriteProcessMemory request was completed. (0x12B)
[0410/190513.303:WARNING:pe_image_reader.cc(340)] could not read dos header from C:\Windows\SYSTEM32\USERENV.dll
[0410/190513.303:ERROR:process_memory_win.cc(73)] ReadMemory at 0x7ffb328a0000 of 64 bytes failed: Only part of a ReadProcessMemory or WriteProcessMemory request was completed. (0x12B)
[0410/190513.303:WARNING:pe_image_reader.cc(340)] could not read dos header from C:\Windows\System32\profapi.dll
[0410/190513.303:ERROR:process_memory_win.cc(73)] ReadMemory at 0x7ffb0d7c0000 of 64 bytes failed: Only part of a ReadProcessMemory or WriteProcessMemory request was completed. (0x12B)
[0410/190513.303:WARNING:pe_image_reader.cc(340)] could not read dos header from C:\Windows\SYSTEM32\UIAutomationCore.DLL
[0410/190513.304:ERROR:process_memory_win.cc(73)] ReadMemory at 0x7ffb14490000 of 64 bytes failed: Only part of a ReadProcessMemory or WriteProcessMemory request was completed. (0x12B)
[0410/190513.304:WARNING:pe_image_reader.cc(340)] could not read dos header from C:\Windows\SYSTEM32\DWrite.dll
[0410/190513.304:ERROR:process_memory_win.cc(73)] ReadMemory at 0x7ffb29760000 of 64 bytes failed: Only part of a ReadProcessMemory or WriteProcessMemory request was completed. (0x12B)
[0410/190513.304:WARNING:pe_image_reader.cc(340)] could not read dos header from C:\Windows\SYSTEM32\WINSPOOL.DRV
[0410/190513.304:ERROR:process_memory_win.cc(73)] ReadMemory at 0x7ffb328d0000 of 64 bytes failed: Only part of a ReadProcessMemory or WriteProcessMemory request was completed. (0x12B)
[0410/190513.304:WARNING:pe_image_reader.cc(340)] could not read dos header from C:\Windows\System32\kernel.appcore.dll
[0410/190513.304:ERROR:process_memory_win.cc(73)] ReadMemory at 0x7ffb31250000 of 64 bytes failed: Only part of a ReadProcessMemory or WriteProcessMemory request was completed. (0x12B)
[0410/190513.304:WARNING:pe_image_reader.cc(340)] could not read dos header from C:\Windows\SYSTEM32\dbghelp.dll
[0410/190513.304:ERROR:process_memory_win.cc(73)] ReadMemory at 0x7ffb2d5e0000 of 64 bytes failed: Only part of a ReadProcessMemory or WriteProcessMemory request was completed. (0x12B)
[0410/190513.304:WARNING:pe_image_reader.cc(340)] could not read dos header from C:\Windows\SYSTEM32\WINHTTP.dll
[0410/190513.304:ERROR:process_memory_win.cc(73)] ReadMemory at 0x7ffb298b0000 of 64 bytes failed: Only part of a ReadProcessMemory or WriteProcessMemory request was completed. (0x12B)
[0410/190513.304:WARNING:pe_image_reader.cc(340)] could not read dos header from C:\Windows\SYSTEM32\dhcpcsvc.DLL
[0410/190513.304:ERROR:process_memory_win.cc(73)] ReadMemory at 0x7ffb35210000 of 64 bytes failed: Only part of a ReadProcessMemory or WriteProcessMemory request was completed. (0x12B)
[0410/190513.304:WARNING:pe_image_reader.cc(340)] could not read dos header from C:\Windows\System32\NSI.dll
[0410/190513.304:ERROR:process_memory_win.cc(73)] ReadMemory at 0x7ffb2fe30000 of 64 bytes failed: Only part of a ReadProcessMemory or WriteProcessMemory request was completed. (0x12B)
[0410/190513.304:WARNING:pe_image_reader.cc(340)] could not read dos header from C:\Windows\SYSTEM32\WINMMBASE.dll
[0410/190513.304:ERROR:process_memory_win.cc(73)] ReadMemory at 0x7ffb32f90000 of 64 bytes failed: Only part of a ReadProcessMemory or WriteProcessMemory request was completed. (0x12B)
[0410/190513.304:WARNING:pe_image_reader.cc(340)] could not read dos header from C:\Windows\System32\cfgmgr32.dll
[0410/190513.304:ERROR:process_memory_win.cc(73)] ReadMemory at 0x7ffb30f70000 of 64 bytes failed: Only part of a ReadProcessMemory or WriteProcessMemory request was completed. (0x12B)
[0410/190513.304:WARNING:pe_image_reader.cc(340)] could not read dos header from C:\Windows\SYSTEM32\PROPSYS.dll
[0410/190513.304:ERROR:process_memory_win.cc(73)] ReadMemory at 0x7ffb35620000 of 64 bytes failed: Only part of a ReadProcessMemory or WriteProcessMemory request was completed. (0x12B)
[0410/190513.304:WARNING:pe_image_reader.cc(340)] could not read dos header from C:\Windows\System32\shcore.dll
[0410/190513.304:ERROR:process_memory_win.cc(73)] ReadMemory at 0x7ffb32390000 of 64 bytes failed: Only part of a ReadProcessMemory or WriteProcessMemory request was completed. (0x12B)
[0410/190513.304:WARNING:pe_image_reader.cc(340)] could not read dos header from C:\Windows\SYSTEM32\bcrypt.dll
[0410/190513.304:ERROR:process_memory_win.cc(73)] ReadMemory at 0x7ffb32760000 of 64 bytes failed: Only part of a ReadProcessMemory or WriteProcessMemory request was completed. (0x12B)
[0410/190513.304:WARNING:pe_image_reader.cc(340)] could not read dos header from C:\Windows\SYSTEM32\SSPICLI.DLL
[0410/190513.304:ERROR:process_memory_win.cc(73)] ReadMemory at 0x7ffb364c0000 of 64 bytes failed: Only part of a ReadProcessMemory or WriteProcessMemory request was completed. (0x12B)
[0410/190513.304:WARNING:pe_image_reader.cc(340)] could not read dos header from C:\Windows\System32\GDI32.dll
[0410/190513.304:ERROR:process_memory_win.cc(73)] ReadMemory at 0x7ffb33770000 of 64 bytes failed: Only part of a ReadProcessMemory or WriteProcessMemory request was completed. (0x12B)
[0410/190513.304:WARNING:pe_image_reader.cc(340)] could not read dos header from C:\Windows\System32\gdi32full.dll
[0410/190513.305:ERROR:process_memory_win.cc(73)] ReadMemory at 0x7ffb352c0000 of 64 bytes failed: Only part of a ReadProcessMemory or WriteProcessMemory request was completed. (0x12B)
[0410/190513.305:WARNING:pe_image_reader.cc(340)] could not read dos header from C:\Windows\System32\USER32.dll
[0410/190513.305:ERROR:process_memory_win.cc(73)] ReadMemory at 0x7ffb32b40000 of 64 bytes failed: Only part of a ReadProcessMemory or WriteProcessMemory request was completed. (0x12B)
[0410/190513.305:WARNING:pe_image_reader.cc(340)] could not read dos header from C:\Windows\System32\win32u.dll
[0410/190513.305:ERROR:process_memory_win.cc(73)] ReadMemory at 0x7ffb33a10000 of 64 bytes failed: Only part of a ReadProcessMemory or WriteProcessMemory request was completed. (0x12B)
[0410/190513.305:WARNING:pe_image_reader.cc(340)] could not read dos header from C:\Windows\System32\IMM32.DLL
[0410/190513.305:ERROR:process_memory_win.cc(73)] ReadMemory at 0x7ffb33dc0000 of 64 bytes failed: Only part of a ReadProcessMemory or WriteProcessMemory request was completed. (0x12B)
[0410/190513.305:WARNING:pe_image_reader.cc(340)] could not read dos header from C:\Windows\System32\SHELL32.dll
[0410/190513.305:ERROR:process_memory_win.cc(73)] ReadMemory at 0x7ffb32fe0000 of 64 bytes failed: Only part of a ReadProcessMemory or WriteProcessMemory request was completed. (0x12B)
[0410/190513.305:WARNING:pe_image_reader.cc(340)] could not read dos header from C:\Windows\System32\windows.storage.dll
[0410/190513.305:ERROR:process_memory_win.cc(73)] ReadMemory at 0x7ffb355c0000 of 64 bytes failed: Only part of a ReadProcessMemory or WriteProcessMemory request was completed. (0x12B)
[0410/190513.305:WARNING:pe_image_reader.cc(340)] could not read dos header from C:\Windows\System32\shlwapi.dll
[0410/190513.305:ERROR:process_memory_win.cc(73)] ReadMemory at 0x7ffb32850000 of 64 bytes failed: Only part of a ReadProcessMemory or WriteProcessMemory request was completed. (0x12B)
[0410/190513.305:WARNING:pe_image_reader.cc(340)] could not read dos header from C:\Windows\System32\powrprof.dll
[0410/190513.305:ERROR:process_memory_win.cc(73)] ReadMemory at 0x7ffb328c0000 of 64 bytes failed: Only part of a ReadProcessMemory or WriteProcessMemory request was completed. (0x12B)
[0410/190513.305:WARNING:pe_image_reader.cc(340)] could not read dos header from C:\Windows\System32\FLTLIB.DLL
[0410/190513.305:ERROR:process_memory_win.cc(73)] ReadMemory at 0x7ffb32220000 of 64 bytes failed: Only part of a ReadProcessMemory or WriteProcessMemory request was completed. (0x12B)
[0410/190513.305:WARNING:pe_image_reader.cc(340)] could not read dos header from C:\Windows\SYSTEM32\CRYPTBASE.DLL
[0410/190513.305:ERROR:process_memory_win.cc(73)] ReadMemory at 0x7ffb2e880000 of 64 bytes failed: Only part of a ReadProcessMemory or WriteProcessMemory request was completed. (0x12B)
[0410/190513.305:WARNING:pe_image_reader.cc(340)] could not read dos header from C:\Windows\system32\NLAapi.dll
[0410/190513.305:ERROR:process_memory_win.cc(73)] ReadMemory at 0x7ffb29930000 of 64 bytes failed: Only part of a ReadProcessMemory or WriteProcessMemory request was completed. (0x12B)
[0410/190513.305:WARNING:pe_image_reader.cc(340)] could not read dos header from C:\Windows\SYSTEM32\dhcpcsvc6.DLL
[0410/190513.305:ERROR:process_memory_win.cc(73)] ReadMemory at 0x7ffb2a220000 of 64 bytes failed: Only part of a ReadProcessMemory or WriteProcessMemory request was completed. (0x12B)
[0410/190513.305:WARNING:pe_image_reader.cc(340)] could not read dos header from C:\Windows\SYSTEM32\wlanapi.dll
[0410/190513.305:ERROR:process_memory_win.cc(73)] ReadMemory at 0x7ffb32050000 of 64 bytes failed: Only part of a ReadProcessMemory or WriteProcessMemory request was completed. (0x12B)
[0410/190513.305:WARNING:pe_image_reader.cc(340)] could not read dos header from C:\Windows\system32\mswsock.dll
[0410/190513.305:ERROR:process_memory_win.cc(73)] ReadMemory at 0x7ffb250b0000 of 64 bytes failed: Only part of a ReadProcessMemory or WriteProcessMemory request was completed. (0x12B)
[0410/190513.306:WARNING:pe_image_reader.cc(340)] could not read dos header from C:\Windows\System32\rasadhlp.dll
[0410/190513.306:ERROR:process_memory_win.cc(73)] ReadMemory at 0x7ffb31de0000 of 64 bytes failed: Only part of a ReadProcessMemory or WriteProcessMemory request was completed. (0x12B)
[0410/190513.306:WARNING:pe_image_reader.cc(340)] could not read dos header from C:\Windows\SYSTEM32\DNSAPI.dll
[0410/190513.306:ERROR:process_memory_win.cc(73)] ReadMemory at 0x7ffb26050000 of 64 bytes failed: Only part of a ReadProcessMemory or WriteProcessMemory request was completed. (0x12B)
[0410/190513.306:WARNING:pe_image_reader.cc(340)] could not read dos header from C:\Windows\System32\fwpuclnt.dll
[0410/190513.306:ERROR:process_memory_win.cc(73)] ReadMemory at 0x7ffb32200000 of 64 bytes failed: Only part of a ReadProcessMemory or WriteProcessMemory request was completed. (0x12B)
[0410/190513.306:WARNING:pe_image_reader.cc(340)] could not read dos header from C:\Windows\System32\CRYPTSP.dll
[0410/190513.306:ERROR:process_memory_win.cc(73)] ReadMemory at 0x7ffb31c00000 of 64 bytes failed: Only part of a ReadProcessMemory or WriteProcessMemory request was completed. (0x12B)
[0410/190513.306:WARNING:pe_image_reader.cc(340)] could not read dos header from C:\Windows\system32\rsaenh.dll
[0410/190513.306:ERROR:process_memory_win.cc(73)] ReadMemory at 0x7ffb31520000 of 64 bytes failed: Only part of a ReadProcessMemory or WriteProcessMemory request was completed. (0x12B)
[0410/190513.306:WARNING:pe_image_reader.cc(340)] could not read dos header from C:\Windows\SYSTEM32\gpapi.dll
[0410/190513.306:ERROR:process_memory_win.cc(73)] ReadMemory at 0x7ffb022f0000 of 64 bytes failed: Only part of a ReadProcessMemory or WriteProcessMemory request was completed. (0x12B)
[0410/190513.306:WARNING:pe_image_reader.cc(340)] could not read dos header from C:\Windows\System32\cryptnet.dll
[0410/190513.318:ERROR:process_memory_win.cc(73)] ReadMemory at 0xd8c3ffb000 of 20480 bytes failed: Only part of a ReadProcessMemory or WriteProcessMemory request was completed. (0x12B)
[0410/190513.318:ERROR:process_memory_win.cc(73)] ReadMemory at 0xd8c3665000 of 852 bytes failed: Only part of a ReadProcessMemory or WriteProcessMemory request was completed. (0x12B)
[0410/190513.318:ERROR:process_memory_win.cc(73)] ReadMemory at 0xd8c3666000 of 6024 bytes failed: Only part of a ReadProcessMemory or WriteProcessMemory request was completed. (0x12B)
[0410/190513.318:ERROR:process_memory_win.cc(73)] ReadMemory at 0x2c2f8e40fc0 of 7488 bytes failed: Only part of a ReadProcessMemory or WriteProcessMemory request was completed. (0x12B)
[0410/190513.318:ERROR:process_memory_win.cc(73)] ReadMemory at 0x2c2f8e42d10 of 1012 bytes failed: Only part of a ReadProcessMemory or WriteProcessMemory request was completed. (0x12B)
[0410/190513.318:ERROR:process_memory_win.cc(73)] ReadMemory at 0x2c2f8e43328 of 118 bytes failed: Only part of a ReadProcessMemory or WriteProcessMemory request was completed. (0x12B)
[0410/190513.318:ERROR:process_memory_win.cc(73)] ReadMemory at 0x2c2f8e433a0 of 934 bytes failed: Only part of a ReadProcessMemory or WriteProcessMemory request was completed. (0x12B)
[0410/190513.318:ERROR:process_memory_win.cc(73)] ReadMemory at 0x2c2f8e43748 of 118 bytes failed: Only part of a ReadProcessMemory or WriteProcessMemory request was completed. (0x12B)
[0410/190513.318:ERROR:process_memory_win.cc(73)] ReadMemory at 0x2c2f8e437c0 of 30 bytes failed: Only part of a ReadProcessMemory or WriteProcessMemory request was completed. (0x12B)
[0410/190513.318:ERROR:process_memory_win.cc(73)] ReadMemory at 0x2c2f8e437f0 of 58 bytes failed: Only part of a ReadProcessMemory or WriteProcessMemory request was completed. (0x12B)
[0410/190513.318:ERROR:process_memory_win.cc(73)] ReadMemory at 0x2c2f8e438f0 of 132 bytes failed: Only part of a ReadProcessMemory or WriteProcessMemory request was completed. (0x12B)
[0410/190513.318:ERROR:process_memory_win.cc(73)] ReadMemory at 0x2c2f8e43a80 of 132 bytes failed: Only part of a ReadProcessMemory or WriteProcessMemory request was completed. (0x12B)
[0410/190513.318:ERROR:process_memory_win.cc(73)] ReadMemory at 0x2c2f8e43c40 of 126 bytes failed: Only part of a ReadProcessMemory or WriteProcessMemory request was completed. (0x12B)
[0410/190513.318:ERROR:process_memory_win.cc(73)] ReadMemory at 0x2c2f8e44020 of 132 bytes failed: Only part of a ReadProcessMemory or WriteProcessMemory request was completed. (0x12B)
[0410/190513.319:ERROR:process_memory_win.cc(73)] ReadMemory at 0x2c2f8e441b0 of 64 bytes failed: Only part of a ReadProcessMemory or WriteProcessMemory request was completed. (0x12B)
[0410/190513.319:ERROR:process_memory_win.cc(73)] ReadMemory at 0x2c2f8e44600 of 132 bytes failed: Only part of a ReadProcessMemory or WriteProcessMemory request was completed. (0x12B)
[0410/190513.319:ERROR:process_memory_win.cc(73)] ReadMemory at 0x2c2f8e44790 of 68 bytes failed: Only part of a ReadProcessMemory or WriteProcessMemory request was completed. (0x12B)
[0410/190513.319:ERROR:process_memory_win.cc(73)] ReadMemory at 0x2c2f8e457c0 of 132 bytes failed: Only part of a ReadProcessMemory or WriteProcessMemory request was completed. (0x12B)
[0410/190513.319:ERROR:process_memory_win.cc(73)] ReadMemory at 0x2c2f8e459d0 of 132 bytes failed: Only part of a ReadProcessMemory or WriteProcessMemory request was completed. (0x12B)
[0410/190513.319:ERROR:process_memory_win.cc(73)] ReadMemory at 0x2c2f8e45b60 of 154 bytes failed: Only part of a ReadProcessMemory or WriteProcessMemory request was completed. (0x12B)
[0410/190513.319:ERROR:process_memory_win.cc(73)] ReadMemory at 0x2c2f8e466b0 of 132 bytes failed: Only part of a ReadProcessMemory or WriteProcessMemory request was completed. (0x12B)
[0410/190513.319:ERROR:process_memory_win.cc(73)] ReadMemory at 0x2c2f8e467e0 of 132 bytes failed: Only part of a ReadProcessMemory or WriteProcessMemory request was completed. (0x12B)
[0410/190513.320:ERROR:process_memory_win.cc(73)] ReadMemory at 0x2c2f8e46990 of 62 bytes failed: Only part of a ReadProcessMemory or WriteProcessMemory request was completed. (0x12B)
[0410/190513.320:ERROR:process_memory_win.cc(73)] ReadMemory at 0x2c2f8e46a10 of 146 bytes failed: Only part of a ReadProcessMemory or WriteProcessMemory request was completed. (0x12B)
[0410/190513.320:ERROR:process_memory_win.cc(73)] ReadMemory at 0x2c2f8e46af0 of 132 bytes failed: Only part of a ReadProcessMemory or WriteProcessMemory request was completed. (0x12B)
[0410/190513.320:ERROR:process_memory_win.cc(73)] ReadMemory at 0x2c2f8e46c80 of 60 bytes failed: Only part of a ReadProcessMemory or WriteProcessMemory request was completed. (0x12B)
[0410/190513.320:ERROR:process_memory_win.cc(73)] ReadMemory at 0x2c2f8e47200 of 132 bytes failed: Only part of a ReadProcessMemory or WriteProcessMemory request was completed. (0x12B)
[0410/190513.320:ERROR:process_memory_win.cc(73)] ReadMemory at 0x2c2f8e4b930 of 132 bytes failed: Only part of a ReadProcessMemory or WriteProcessMemory request was completed. (0x12B)
[0410/190513.320:ERROR:process_memory_win.cc(73)] ReadMemory at 0x2c2f8e4bb40 of 132 bytes failed: Only part of a ReadProcessMemory or WriteProcessMemory request was completed. (0x12B)
[0410/190513.320:ERROR:process_memory_win.cc(73)] ReadMemory at 0x2c2f8e4bca0 of 132 bytes failed: Only part of a ReadProcessMemory or WriteProcessMemory request was completed. (0x12B)
[0410/190513.320:ERROR:process_memory_win.cc(73)] ReadMemory at 0x2c2f8e4be30 of 80 bytes failed: Only part of a ReadProcessMemory or WriteProcessMemory request was completed. (0x12B)
[0410/190513.320:ERROR:process_memory_win.cc(73)] ReadMemory at 0x2c2f8e4bff0 of 58 bytes failed: Only part of a ReadProcessMemory or WriteProcessMemory request was completed. (0x12B)
[0410/190513.320:ERROR:process_memory_win.cc(73)] ReadMemory at 0x2c2f8e4c040 of 62 bytes failed: Only part of a ReadProcessMemory or WriteProcessMemory request was completed. (0x12B)
[0410/190513.320:ERROR:process_memory_win.cc(73)] ReadMemory at 0x2c2f8e4c090 of 60 bytes failed: Only part of a ReadProcessMemory or WriteProcessMemory request was completed. (0x12B)
[0410/190513.320:ERROR:process_memory_win.cc(73)] ReadMemory at 0x2c2f8e4c0e0 of 62 bytes failed: Only part of a ReadProcessMemory or WriteProcessMemory request was completed. (0x12B)
[0410/190513.320:ERROR:process_memory_win.cc(73)] ReadMemory at 0x2c2f8e4c130 of 62 bytes failed: Only part of a ReadProcessMemory or WriteProcessMemory request was completed. (0x12B)
[0410/190513.320:ERROR:process_memory_win.cc(73)] ReadMemory at 0x2c2f8e4c180 of 62 bytes failed: Only part of a ReadProcessMemory or WriteProcessMemory request was completed. (0x12B)
[0410/190513.321:ERROR:process_memory_win.cc(73)] ReadMemory at 0x2c2f8e4c1d0 of 62 bytes failed: Only part of a ReadProcessMemory or WriteProcessMemory request was completed. (0x12B)
[0410/190513.321:ERROR:process_memory_win.cc(73)] ReadMemory at 0x2c2f8e4c270 of 62 bytes failed: Only part of a ReadProcessMemory or WriteProcessMemory request was completed. (0x12B)
[0410/190513.321:ERROR:process_memory_win.cc(73)] ReadMemory at 0x2c2f8e4c2c0 of 60 bytes failed: Only part of a ReadProcessMemory or WriteProcessMemory request was completed. (0x12B)
[0410/190513.321:ERROR:process_memory_win.cc(73)] ReadMemory at 0x2c2f8e4c310 of 64 bytes failed: Only part of a ReadProcessMemory or WriteProcessMemory request was completed. (0x12B)
[0410/190513.321:ERROR:process_memory_win.cc(73)] ReadMemory at 0x2c2f8e4c360 of 62 bytes failed: Only part of a ReadProcessMemory or WriteProcessMemory request was completed. (0x12B)
[0410/190513.321:ERROR:process_memory_win.cc(73)] ReadMemory at 0x2c2f8e4c3b0 of 64 bytes failed: Only part of a ReadProcessMemory or WriteProcessMemory request was completed. (0x12B)
[0410/190513.321:ERROR:process_memory_win.cc(73)] ReadMemory at 0x2c2f8e4c400 of 62 bytes failed: Only part of a ReadProcessMemory or WriteProcessMemory request was completed. (0x12B)
[0410/190513.321:ERROR:process_memory_win.cc(73)] ReadMemory at 0x2c2f8e4c450 of 60 bytes failed: Only part of a ReadProcessMemory or WriteProcessMemory request was completed. (0x12B)
[0410/190513.321:ERROR:process_memory_win.cc(73)] ReadMemory at 0x2c2f8e4c4a0 of 64 bytes failed: Only part of a ReadProcessMemory or WriteProcessMemory request was completed. (0x12B)
[0410/190513.321:ERROR:process_memory_win.cc(73)] ReadMemory at 0x2c2f8e4c4f0 of 66 bytes failed: Only part of a ReadProcessMemory or WriteProcessMemory request was completed. (0x12B)
[0410/190513.321:ERROR:process_memory_win.cc(73)] ReadMemory at 0x2c2f8e4c540 of 64 bytes failed: Only part of a ReadProcessMemory or WriteProcessMemory request was completed. (0x12B)
[0410/190513.321:ERROR:process_memory_win.cc(73)] ReadMemory at 0x2c2f8e4c590 of 64 bytes failed: Only part of a ReadProcessMemory or WriteProcessMemory request was completed. (0x12B)
[0410/190513.321:ERROR:process_memory_win.cc(73)] ReadMemory at 0x2c2f8e4c5e0 of 60 bytes failed: Only part of a ReadProcessMemory or WriteProcessMemory request was completed. (0x12B)
[0410/190513.321:ERROR:process_memory_win.cc(73)] ReadMemory at 0x2c2f8e4c630 of 64 bytes failed: Only part of a ReadProcessMemory or WriteProcessMemory request was completed. (0x12B)
[0410/190513.321:ERROR:process_memory_win.cc(73)] ReadMemory at 0x2c2f8e4d370 of 80 bytes failed: Only part of a ReadProcessMemory or WriteProcessMemory request was completed. (0x12B)
[0410/190513.321:ERROR:process_memory_win.cc(73)] ReadMemory at 0x2c2f8e4d970 of 78 bytes failed: Only part of a ReadProcessMemory or WriteProcessMemory request was completed. (0x12B)
[0410/190513.321:ERROR:process_memory_win.cc(73)] ReadMemory at 0x2c2f8e4d9d0 of 76 bytes failed: Only part of a ReadProcessMemory or WriteProcessMemory request was completed. (0x12B)
[0410/190513.321:ERROR:process_memory_win.cc(73)] ReadMemory at 0x2c2f8e4f9d0 of 132 bytes failed: Only part of a ReadProcessMemory or WriteProcessMemory request was completed. (0x12B)
[0410/190513.321:ERROR:process_memory_win.cc(73)] ReadMemory at 0x2c2f8e4fb00 of 132 bytes failed: Only part of a ReadProcessMemory or WriteProcessMemory request was completed. (0x12B)
[0410/190513.321:ERROR:process_memory_win.cc(73)] ReadMemory at 0x2c2f8e4fc30 of 132 bytes failed: Only part of a ReadProcessMemory or WriteProcessMemory request was completed. (0x12B)
[0410/190513.321:ERROR:process_memory_win.cc(73)] ReadMemory at 0x2c2f8e4fd60 of 132 bytes failed: Only part of a ReadProcessMemory or WriteProcessMemory request was completed. (0x12B)
[0410/190513.321:ERROR:process_memory_win.cc(73)] ReadMemory at 0x2c2f8e4fe90 of 132 bytes failed: Only part of a ReadProcessMemory or WriteProcessMemory request was completed. (0x12B)
[0410/190513.322:ERROR:process_memory_win.cc(73)] ReadMemory at 0x2c2f8e4ffc0 of 132 bytes failed: Only part of a ReadProcessMemory or WriteProcessMemory request was completed. (0x12B)
[0410/190513.322:ERROR:process_memory_win.cc(73)] ReadMemory at 0x2c2f8e500f0 of 132 bytes failed: Only part of a ReadProcessMemory or WriteProcessMemory request was completed. (0x12B)
[0410/190513.322:ERROR:process_memory_win.cc(73)] ReadMemory at 0x2c2f8e50220 of 132 bytes failed: Only part of a ReadProcessMemory or WriteProcessMemory request was completed. (0x12B)
[0410/190513.322:ERROR:process_memory_win.cc(73)] ReadMemory at 0x2c2f8e50350 of 132 bytes failed: Only part of a ReadProcessMemory or WriteProcessMemory request was completed. (0x12B)
[0410/190513.322:ERROR:process_memory_win.cc(73)] ReadMemory at 0x2c2f8e50480 of 132 bytes failed: Only part of a ReadProcessMemory or WriteProcessMemory request was completed. (0x12B)
[0410/190513.322:ERROR:process_memory_win.cc(73)] ReadMemory at 0x2c2f8e505b0 of 132 bytes failed: Only part of a ReadProcessMemory or WriteProcessMemory request was completed. (0x12B)
[0410/190513.322:ERROR:process_memory_win.cc(73)] ReadMemory at 0x2c2f8e506e0 of 132 bytes failed: Only part of a ReadProcessMemory or WriteProcessMemory request was completed. (0x12B)
[0410/190513.322:ERROR:process_memory_win.cc(73)] ReadMemory at 0x2c2f8e50810 of 132 bytes failed: Only part of a ReadProcessMemory or WriteProcessMemory request was completed. (0x12B)
[0410/190513.322:ERROR:process_memory_win.cc(73)] ReadMemory at 0x2c2f8e52eb0 of 54 bytes failed: Only part of a ReadProcessMemory or WriteProcessMemory request was completed. (0x12B)
[0410/190513.322:ERROR:process_memory_win.cc(73)] ReadMemory at 0x2c2f8e53500 of 132 bytes failed: Only part of a ReadProcessMemory or WriteProcessMemory request was completed. (0x12B)
[0410/190513.322:ERROR:process_memory_win.cc(73)] ReadMemory at 0x2c2f8e53630 of 132 bytes failed: Only part of a ReadProcessMemory or WriteProcessMemory request was completed. (0x12B)
[0410/190513.322:ERROR:process_memory_win.cc(73)] ReadMemory at 0x2c2f8e548e0 of 132 bytes failed: Only part of a ReadProcessMemory or WriteProcessMemory request was completed. (0x12B)
[0410/190513.322:ERROR:process_memory_win.cc(73)] ReadMemory at 0x2c2f8e54b00 of 132 bytes failed: Only part of a ReadProcessMemory or WriteProcessMemory request was completed. (0x12B)
[0410/190513.322:ERROR:process_memory_win.cc(73)] ReadMemory at 0x2c2f8e575e0 of 132 bytes failed: Only part of a ReadProcessMemory or WriteProcessMemory request was completed. (0x12B)
[0410/190513.322:ERROR:process_memory_win.cc(73)] ReadMemory at 0x2c2f8e57710 of 132 bytes failed: Only part of a ReadProcessMemory or WriteProcessMemory request was completed. (0x12B)
[0410/190513.322:ERROR:process_memory_win.cc(73)] ReadMemory at 0x2c2f8e57840 of 132 bytes failed: Only part of a ReadProcessMemory or WriteProcessMemory request was completed. (0x12B)
[0410/190513.322:ERROR:process_memory_win.cc(73)] ReadMemory at 0x2c2f8e57970 of 132 bytes failed: Only part of a ReadProcessMemory or WriteProcessMemory request was completed. (0x12B)
[0410/190513.323:ERROR:process_memory_win.cc(73)] ReadMemory at 0x2c2f8e57aa0 of 132 bytes failed: Only part of a ReadProcessMemory or WriteProcessMemory request was completed. (0x12B)
[0410/190513.323:ERROR:process_memory_win.cc(73)] ReadMemory at 0x2c2f8e57d00 of 132 bytes failed: Only part of a ReadProcessMemory or WriteProcessMemory request was completed. (0x12B)
[0410/190513.323:ERROR:process_memory_win.cc(73)] ReadMemory at 0x2c2f8e57e30 of 132 bytes failed: Only part of a ReadProcessMemory or WriteProcessMemory request was completed. (0x12B)
[0410/190513.323:ERROR:process_memory_win.cc(73)] ReadMemory at 0x2c2f8e57f60 of 132 bytes failed: Only part of a ReadProcessMemory or WriteProcessMemory request was completed. (0x12B)
[0410/190513.323:ERROR:process_memory_win.cc(73)] ReadMemory at 0x2c2f8e581c0 of 132 bytes failed: Only part of a ReadProcessMemory or WriteProcessMemory request was completed. (0x12B)
[0410/190513.323:ERROR:process_memory_win.cc(73)] ReadMemory at 0x2c2f8e582f0 of 132 bytes failed: Only part of a ReadProcessMemory or WriteProcessMemory request was completed. (0x12B)
[0410/190513.323:ERROR:process_memory_win.cc(73)] ReadMemory at 0x2c2f8e58420 of 132 bytes failed: Only part of a ReadProcessMemory or WriteProcessMemory request was completed. (0x12B)
[0410/190513.323:ERROR:process_memory_win.cc(73)] ReadMemory at 0x2c2f8e58550 of 132 bytes failed: Only part of a ReadProcessMemory or WriteProcessMemory request was completed. (0x12B)
[0410/190513.323:ERROR:process_memory_win.cc(73)] ReadMemory at 0x2c2f8e58680 of 132 bytes failed: Only part of a ReadProcessMemory or WriteProcessMemory request was completed. (0x12B)
[0410/190513.323:ERROR:process_memory_win.cc(73)] ReadMemory at 0x2c2f8e587b0 of 132 bytes failed: Only part of a ReadProcessMemory or WriteProcessMemory request was completed. (0x12B)
[0410/190513.323:ERROR:process_memory_win.cc(73)] ReadMemory at 0x2c2f8e588e0 of 132 bytes failed: Only part of a ReadProcessMemory or WriteProcessMemory request was completed. (0x12B)
[0410/190513.323:ERROR:process_memory_win.cc(73)] ReadMemory at 0x2c2f8e58a10 of 132 bytes failed: Only part of a ReadProcessMemory or WriteProcessMemory request was completed. (0x12B)
[0410/190513.323:ERROR:process_memory_win.cc(73)] ReadMemory at 0x2c2f8e58b40 of 132 bytes failed: Only part of a ReadProcessMemory or WriteProcessMemory request was completed. (0x12B)
[0410/190513.323:ERROR:process_memory_win.cc(73)] ReadMemory at 0x2c2f8e58c70 of 132 bytes failed: Only part of a ReadProcessMemory or WriteProcessMemory request was completed. (0x12B)
[0410/190513.323:ERROR:process_memory_win.cc(73)] ReadMemory at 0x2c2f8e58da0 of 132 bytes failed: Only part of a ReadProcessMemory or WriteProcessMemory request was completed. (0x12B)
[0410/190513.323:ERROR:process_memory_win.cc(73)] ReadMemory at 0x2c2f8e58ed0 of 132 bytes failed: Only part of a ReadProcessMemory or WriteProcessMemory request was completed. (0x12B)
[0410/190513.323:ERROR:process_memory_win.cc(73)] ReadMemory at 0x2c2f8e59000 of 132 bytes failed: Only part of a ReadProcessMemory or WriteProcessMemory request was completed. (0x12B)
[0410/190513.323:ERROR:process_memory_win.cc(73)] ReadMemory at 0x2c2f8e59130 of 132 bytes failed: Only part of a ReadProcessMemory or WriteProcessMemory request was completed. (0x12B)
[0410/190513.323:ERROR:process_memory_win.cc(73)] ReadMemory at 0x2c2f8e59260 of 132 bytes failed: Only part of a ReadProcessMemory or WriteProcessMemory request was completed. (0x12B)
[0410/190513.323:ERROR:process_memory_win.cc(73)] ReadMemory at 0x2c2f8e59390 of 132 bytes failed: Only part of a ReadProcessMemory or WriteProcessMemory request was completed. (0x12B)
[0410/190513.324:ERROR:process_memory_win.cc(73)] ReadMemory at 0x2c2f8e59690 of 66 bytes failed: Only part of a ReadProcessMemory or WriteProcessMemory request was completed. (0x12B)
[0410/190513.325:ERROR:process_memory_win.cc(73)] ReadMemory at 0x2c2f8e59730 of 66 bytes failed: Only part of a ReadProcessMemory or WriteProcessMemory request was completed. (0x12B)
[0410/190513.325:ERROR:process_memory_win.cc(73)] ReadMemory at 0x2c2f8e59820 of 58 bytes failed: Only part of a ReadProcessMemory or WriteProcessMemory request was completed. (0x12B)
[0410/190513.325:ERROR:process_memory_win.cc(73)] ReadMemory at 0x2c2f8e59af0 of 60 bytes failed: Only part of a ReadProcessMemory or WriteProcessMemory request was completed. (0x12B)
[0410/190513.325:ERROR:process_memory_win.cc(73)] ReadMemory at 0x2c2f8e59cd0 of 62 bytes failed: Only part of a ReadProcessMemory or WriteProcessMemory request was completed. (0x12B)
[0410/190513.325:ERROR:process_memory_win.cc(73)] ReadMemory at 0x2c2f8e5a090 of 60 bytes failed: Only part of a ReadProcessMemory or WriteProcessMemory request was completed. (0x12B)
[0410/190513.325:ERROR:process_memory_win.cc(73)] ReadMemory at 0x2c2f8e5a0e0 of 62 bytes failed: Only part of a ReadProcessMemory or WriteProcessMemory request was completed. (0x12B)
[0410/190513.325:ERROR:process_memory_win.cc(73)] ReadMemory at 0x2c2f8e5a220 of 62 bytes failed: Only part of a ReadProcessMemory or WriteProcessMemory request was completed. (0x12B)
[0410/190513.325:ERROR:process_memory_win.cc(73)] ReadMemory at 0x2c2f8e5a270 of 64 bytes failed: Only part of a ReadProcessMemory or WriteProcessMemory request was completed. (0x12B)
[0410/190513.325:ERROR:process_memory_win.cc(73)] ReadMemory at 0x2c2f8e5a3b0 of 60 bytes failed: Only part of a ReadProcessMemory or WriteProcessMemory request was completed. (0x12B)
[0410/190513.325:ERROR:process_memory_win.cc(73)] ReadMemory at 0x2c2f8e5b070 of 64 bytes failed: Only part of a ReadProcessMemory or WriteProcessMemory request was completed. (0x12B)
[0410/190513.325:ERROR:process_memory_win.cc(73)] ReadMemory at 0x2c2f8e5b0c0 of 58 bytes failed: Only part of a ReadProcessMemory or WriteProcessMemory request was completed. (0x12B)
[0410/190513.325:ERROR:process_memory_win.cc(73)] ReadMemory at 0x2c2f8e5b390 of 62 bytes failed: Only part of a ReadProcessMemory or WriteProcessMemory request was completed. (0x12B)
[0410/190513.325:ERROR:process_memory_win.cc(73)] ReadMemory at 0x2c2f8e5b980 of 66 bytes failed: Only part of a ReadProcessMemory or WriteProcessMemory request was completed. (0x12B)
[0410/190513.325:ERROR:process_memory_win.cc(73)] ReadMemory at 0x2c2f8e5ba20 of 62 bytes failed: Only part of a ReadProcessMemory or WriteProcessMemory request was completed. (0x12B)
[0410/190513.325:ERROR:process_memory_win.cc(73)] ReadMemory at 0x2c2f8e5bb10 of 60 bytes failed: Only part of a ReadProcessMemory or WriteProcessMemory request was completed. (0x12B)
[0410/190513.326:ERROR:process_memory_win.cc(73)] ReadMemory at 0x2c2f8e5bcf0 of 60 bytes failed: Only part of a ReadProcessMemory or WriteProcessMemory request was completed. (0x12B)
[0410/190513.326:ERROR:process_memory_win.cc(73)] ReadMemory at 0x2c2f8e5bd40 of 66 bytes failed: Only part of a ReadProcessMemory or WriteProcessMemory request was completed. (0x12B)
[0410/190513.326:ERROR:process_memory_win.cc(73)] ReadMemory at 0x2c2f8e5bd90 of 64 bytes failed: Only part of a ReadProcessMemory or WriteProcessMemory request was completed. (0x12B)
[0410/190513.326:ERROR:process_memory_win.cc(73)] ReadMemory at 0x2c2f8e5be30 of 60 bytes failed: Only part of a ReadProcessMemory or WriteProcessMemory request was completed. (0x12B)
[0410/190513.326:ERROR:process_memory_win.cc(73)] ReadMemory at 0x2c2f8e85960 of 132 bytes failed: Only part of a ReadProcessMemory or WriteProcessMemory request was completed. (0x12B)
[0410/190513.326:ERROR:process_memory_win.cc(73)] ReadMemory at 0x2c2f8e85a90 of 132 bytes failed: Only part of a ReadProcessMemory or WriteProcessMemory request was completed. (0x12B)
[0410/190513.326:ERROR:process_memory_win.cc(73)] ReadMemory at 0x2c2f8e85bc0 of 132 bytes failed: Only part of a ReadProcessMemory or WriteProcessMemory request was completed. (0x12B)
[0410/190513.326:ERROR:process_memory_win.cc(73)] ReadMemory at 0x2c2f8e86080 of 132 bytes failed: Only part of a ReadProcessMemory or WriteProcessMemory request was completed. (0x12B)
[0410/190513.326:ERROR:process_memory_win.cc(73)] ReadMemory at 0x2c2f8e86d90 of 132 bytes failed: Only part of a ReadProcessMemory or WriteProcessMemory request was completed. (0x12B)
[0410/190513.326:ERROR:process_memory_win.cc(73)] ReadMemory at 0x2c2f8e86ec0 of 132 bytes failed: Only part of a ReadProcessMemory or WriteProcessMemory request was completed. (0x12B)
[0410/190513.326:ERROR:process_memory_win.cc(73)] ReadMemory at 0x2c2f8e98f40 of 64 bytes failed: Only part of a ReadProcessMemory or WriteProcessMemory request was completed. (0x12B)
[0410/190513.326:ERROR:process_memory_win.cc(73)] ReadMemory at 0x2c2f8e99800 of 64 bytes failed: Only part of a ReadProcessMemory or WriteProcessMemory request was completed. (0x12B)
[0410/190513.326:ERROR:process_memory_win.cc(73)] ReadMemory at 0x2c2f8e999e0 of 60 bytes failed: Only part of a ReadProcessMemory or WriteProcessMemory request was completed. (0x12B)
[0410/190513.326:ERROR:process_memory_win.cc(73)] ReadMemory at 0x2c2f8e99b20 of 62 bytes failed: Only part of a ReadProcessMemory or WriteProcessMemory request was completed. (0x12B)
[0410/190513.326:ERROR:process_memory_win.cc(73)] ReadMemory at 0x2c2f8eccf60 of 62 bytes failed: Only part of a ReadProcessMemory or WriteProcessMemory request was completed. (0x12B)
[0410/190513.326:ERROR:process_memory_win.cc(73)] ReadMemory at 0x2c2f8eccfb0 of 60 bytes failed: Only part of a ReadProcessMemory or WriteProcessMemory request was completed. (0x12B)
[0410/190513.326:ERROR:process_memory_win.cc(73)] ReadMemory at 0x2c2f8ef8020 of 58 bytes failed: Only part of a ReadProcessMemory or WriteProcessMemory request was completed. (0x12B)
[0410/190513.326:ERROR:process_memory_win.cc(73)] ReadMemory at 0x7ffb1fd0bc2f of 512 bytes failed: Only part of a ReadProcessMemory or WriteProcessMemory request was completed. (0x12B)
[0410/190513.327:ERROR:process_memory_win.cc(73)] ReadMemory at 0x7ffb1fd81920 of 512 bytes failed: Only part of a ReadProcessMemory or WriteProcessMemory request was completed. (0x12B)
[0410/190513.327:ERROR:process_memory_win.cc(73)] ReadMemory at 0x7ffb1fdab928 of 512 bytes failed: Only part of a ReadProcessMemory or WriteProcessMemory request was completed. (0x12B)
[0410/190513.327:ERROR:process_memory_win.cc(73)] ReadMemory at 0x7ffb1fdb1618 of 512 bytes failed: Only part of a ReadProcessMemory or WriteProcessMemory request was completed. (0x12B)
[0410/190513.327:ERROR:process_memory_win.cc(73)] ReadMemory at 0x7ffb365cafa4 of 512 bytes failed: Only part of a ReadProcessMemory or WriteProcessMemory request was completed. (0x12B)
[0410/190513.327:ERROR:process_memory_win.cc(73)] ReadMemory at 0x7ffb366502e0 of 18 bytes failed: Only part of a ReadProcessMemory or WriteProcessMemory request was completed. (0x12B)
[0410/190513.327:ERROR:process_memory_win.cc(73)] ReadMemory at 0x7ffb366865b0 of 40 bytes failed: Only part of a ReadProcessMemory or WriteProcessMemory request was completed. (0x12B)
[0410/190513.327:ERROR:process_memory_win.cc(73)] ReadMemory at 0x7ffb36686a08 of 48 bytes failed: Only part of a ReadProcessMemory or WriteProcessMemory request was completed. (0x12B)
[0410/190513.327:ERROR:process_memory_win.cc(73)] ReadMemory at 0x7ffb3668c360 of 64 bytes failed: Only part of a ReadProcessMemory or WriteProcessMemory request was completed. (0x12B)
[0410/190513.330:ERROR:file_io_win.cc(161)] CreateFile C:\Users\TANZEE~1\AppData\Local\Temp\scoped_dir10164_8627\Crashpad\settings.dat: The system cannot find the file specified. (0x2)
[0410/190513.329:ERROR:scoped_process_suspend.cc(40)] NtResumeProcess: An attempt was made to access an exiting process. (0xc000010a)
[0411/002122.813:ERROR:prune_crash_reports.cc(35)] PruneCrashReportDatabase: Failed to get pending reports
